# JRE version: Java(TM) SE Runtime Environment (8.0_212-b10) (build 1.8.0_212-b10)
# Java VM: Java HotSpot(TM) 64-Bit Server VM (25.212-b10 mixed mode windows-amd64 compressed oops)
Heap:
 PSYoungGen      total 143360K, used 133120K [0x00000000d5580000, 0x00000000deb80000, 0x0000000100000000)
  eden space 133120K, 100% used [0x00000000d5580000,0x00000000dd780000,0x00000000dd780000)
  from space 10240K, 0% used [0x00000000de180000,0x00000000de180000,0x00000000deb80000)
  to   space 10240K, 30% used [0x00000000dd780000,0x00000000dda85030,0x00000000de180000)
 ParOldGen       total 49664K, used 5670K [0x0000000080000000, 0x0000000083080000, 0x00000000d5580000)
  object space 49664K, 11% used [0x0000000080000000,0x0000000080589af8,0x0000000083080000)
 Metaspace       used 25437K, capacity 26394K, committed 26672K, reserved 1073152K
  class space    used 3307K, capacity 3525K, committed 3632K, reserved 1048576K
GC Heap History (10 events):
Event: 0.984 GC heap after
Heap after GC invocations=3 (full 0):
 PSYoungGen      total 38400K, used 4649K [0x00000000d5580000, 0x00000000da080000, 0x0000000100000000)
  eden space 33280K, 0% used [0x00000000d5580000,0x00000000d5580000,0x00000000d7600000)
  from space 5120K, 90% used [0x00000000d7600000,0x00000000d7a8a6f0,0x00000000d7b00000)
  to   space 5120K, 0% used [0x00000000d9b80000,0x00000000d9b80000,0x00000000da080000)
 ParOldGen       total 87552K, used 2151K [0x0000000080000000, 0x0000000085580000, 0x00000000d5580000)
  object space 87552K, 2% used [0x0000000080000000,0x0000000080219de8,0x0000000085580000)
 Metaspace       used 11710K, capacity 12018K, committed 12288K, reserved 1060864K
  class space    used 1396K, capacity 1478K, committed 1536K, reserved 1048576K
}
Event: 1.250 GC heap before
{Heap before GC invocations=4 (full 0):
 PSYoungGen      total 38400K, used 37929K [0x00000000d5580000, 0x00000000da080000, 0x0000000100000000)
  eden space 33280K, 100% used [0x00000000d5580000,0x00000000d7600000,0x00000000d7600000)
  from space 5120K, 90% used [0x00000000d7600000,0x00000000d7a8a6f0,0x00000000d7b00000)
  to   space 5120K, 0% used [0x00000000d9b80000,0x00000000d9b80000,0x00000000da080000)
 ParOldGen       total 87552K, used 2151K [0x0000000080000000, 0x0000000085580000, 0x00000000d5580000)
  object space 87552K, 2% used [0x0000000080000000,0x0000000080219de8,0x0000000085580000)
 Metaspace       used 15118K, capacity 15526K, committed 15744K, reserved 1062912K
  class space    used 1931K, capacity 2085K, committed 2176K, reserved 1048576K
Event: 1.259 GC heap after
Heap after GC invocations=4 (full 0):
 PSYoungGen      total 71680K, used 5089K [0x00000000d5580000, 0x00000000da080000, 0x0000000100000000)
  eden space 66560K, 0% used [0x00000000d5580000,0x00000000d5580000,0x00000000d9680000)
  from space 5120K, 99% used [0x00000000d9b80000,0x00000000da078588,0x00000000da080000)
  to   space 5120K, 0% used [0x00000000d9680000,0x00000000d9680000,0x00000000d9b80000)
 ParOldGen       total 87552K, used 3694K [0x0000000080000000, 0x0000000085580000, 0x00000000d5580000)
  object space 87552K, 4% used [0x0000000080000000,0x000000008039bb88,0x0000000085580000)
 Metaspace       used 15118K, capacity 15526K, committed 15744K, reserved 1062912K
  class space    used 1931K, capacity 2085K, committed 2176K, reserved 1048576K
}
Event: 2.323 GC heap before
{Heap before GC invocations=5 (full 0):
 PSYoungGen      total 71680K, used 71649K [0x00000000d5580000, 0x00000000da080000, 0x0000000100000000)
  eden space 66560K, 100% used [0x00000000d5580000,0x00000000d9680000,0x00000000d9680000)
  from space 5120K, 99% used [0x00000000d9b80000,0x00000000da078588,0x00000000da080000)
  to   space 5120K, 0% used [0x00000000d9680000,0x00000000d9680000,0x00000000d9b80000)
 ParOldGen       total 87552K, used 3694K [0x0000000080000000, 0x0000000085580000, 0x00000000d5580000)
  object space 87552K, 4% used [0x0000000080000000,0x000000008039bb88,0x0000000085580000)
 Metaspace       used 20242K, capacity 20892K, committed 20992K, reserved 1067008K
  class space    used 2606K, capacity 2784K, committed 2816K, reserved 1048576K
Event: 2.336 GC heap after
Heap after GC invocations=5 (full 0):
 PSYoungGen      total 71680K, used 5105K [0x00000000d5580000, 0x00000000deb80000, 0x0000000100000000)
  eden space 66560K, 0% used [0x00000000d5580000,0x00000000d5580000,0x00000000d9680000)
  from space 5120K, 99% used [0x00000000d9680000,0x00000000d9b7c768,0x00000000d9b80000)
  to   space 10240K, 0% used [0x00000000de180000,0x00000000de180000,0x00000000deb80000)
 ParOldGen       total 87552K, used 8045K [0x0000000080000000, 0x0000000085580000, 0x00000000d5580000)
  object space 87552K, 9% used [0x0000000080000000,0x00000000807db538,0x0000000085580000)
 Metaspace       used 20242K, capacity 20892K, committed 20992K, reserved 1067008K
  class space    used 2606K, capacity 2784K, committed 2816K, reserved 1048576K
}
Event: 2.376 GC heap before
{Heap before GC invocations=6 (full 0):
 PSYoungGen      total 71680K, used 14027K [0x00000000d5580000, 0x00000000deb80000, 0x0000000100000000)
  eden space 66560K, 13% used [0x00000000d5580000,0x00000000d5e36848,0x00000000d9680000)
  from space 5120K, 99% used [0x00000000d9680000,0x00000000d9b7c768,0x00000000d9b80000)
  to   space 10240K, 0% used [0x00000000de180000,0x00000000de180000,0x00000000deb80000)
 ParOldGen       total 87552K, used 8045K [0x0000000080000000, 0x0000000085580000, 0x00000000d5580000)
  object space 87552K, 9% used [0x0000000080000000,0x00000000807db538,0x0000000085580000)
 Metaspace       used 20569K, capacity 21202K, committed 21296K, reserved 1067008K
  class space    used 2656K, capacity 2821K, committed 2864K, reserved 1048576K
Event: 2.384 GC heap after
Heap after GC invocations=6 (full 0):
 PSYoungGen      total 143360K, used 5274K [0x00000000d5580000, 0x00000000deb80000, 0x0000000100000000)
  eden space 133120K, 0% used [0x00000000d5580000,0x00000000d5580000,0x00000000dd780000)
  from space 10240K, 51% used [0x00000000de180000,0x00000000de6a6818,0x00000000deb80000)
  to   space 10240K, 0% used [0x00000000dd780000,0x00000000dd780000,0x00000000de180000)
 ParOldGen       total 87552K, used 8053K [0x0000000080000000, 0x0000000085580000, 0x00000000d5580000)
  object space 87552K, 9% used [0x0000000080000000,0x00000000807dd538,0x0000000085580000)
 Metaspace       used 20569K, capacity 21202K, committed 21296K, reserved 1067008K
  class space    used 2656K, capacity 2821K, committed 2864K, reserved 1048576K
}
Event: 2.384 GC heap before
{Heap before GC invocations=7 (full 1):
 PSYoungGen      total 143360K, used 5274K [0x00000000d5580000, 0x00000000deb80000, 0x0000000100000000)
  eden space 133120K, 0% used [0x00000000d5580000,0x00000000d5580000,0x00000000dd780000)
  from space 10240K, 51% used [0x00000000de180000,0x00000000de6a6818,0x00000000deb80000)
  to   space 10240K, 0% used [0x00000000dd780000,0x00000000dd780000,0x00000000de180000)
 ParOldGen       total 87552K, used 8053K [0x0000000080000000, 0x0000000085580000, 0x00000000d5580000)
  object space 87552K, 9% used [0x0000000080000000,0x00000000807dd538,0x0000000085580000)
 Metaspace       used 20569K, capacity 21202K, committed 21296K, reserved 1067008K
  class space    used 2656K, capacity 2821K, committed 2864K, reserved 1048576K
Event: 2.414 GC heap after
Heap after GC invocations=7 (full 1):
 PSYoungGen      total 143360K, used 0K [0x00000000d5580000, 0x00000000deb80000, 0x0000000100000000)
  eden space 133120K, 0% used [0x00000000d5580000,0x00000000d5580000,0x00000000dd780000)
  from space 10240K, 0% used [0x00000000de180000,0x00000000de180000,0x00000000deb80000)
  to   space 10240K, 0% used [0x00000000dd780000,0x00000000dd780000,0x00000000de180000)
 ParOldGen       total 49664K, used 5662K [0x0000000080000000, 0x0000000083080000, 0x00000000d5580000)
  object space 49664K, 11% used [0x0000000080000000,0x0000000080587af8,0x0000000083080000)
 Metaspace       used 20568K, capacity 21200K, committed 21296K, reserved 1067008K
  class space    used 2655K, capacity 2820K, committed 2864K, reserved 1048576K
}
Event: 4.332 GC heap before
{Heap before GC invocations=8 (full 1):
 PSYoungGen      total 143360K, used 133120K [0x00000000d5580000, 0x00000000deb80000, 0x0000000100000000)
  eden space 133120K, 100% used [0x00000000d5580000,0x00000000dd780000,0x00000000dd780000)
  from space 10240K, 0% used [0x00000000de180000,0x00000000de180000,0x00000000deb80000)
  to   space 10240K, 0% used [0x00000000dd780000,0x00000000dd780000,0x00000000de180000)
 ParOldGen       total 49664K, used 5662K [0x0000000080000000, 0x0000000083080000, 0x00000000d5580000)
  object space 49664K, 11% used [0x0000000080000000,0x0000000080587af8,0x0000000083080000)
 Metaspace       used 25437K, capacity 26394K, committed 26672K, reserved 1073152K
  class space    used 3307K, capacity 3525K, committed 3632K, reserved 1048576K

