# JRE version: Java(TM) SE Runtime Environment (8.0_212-b10) (build 1.8.0_212-b10)
# Java VM: Java HotSpot(TM) 64-Bit Server VM (25.212-b10 mixed mode windows-amd64 compressed oops)
Heap:
 PSYoungGen      total 569344K, used 3207K [0x00000000d5580000, 0x0000000100000000, 0x0000000100000000)
  eden space 548864K, 0% used [0x00000000d5580000,0x00000000d5580000,0x00000000f6d80000)
  from space 20480K, 15% used [0x00000000f6d80000,0x00000000f70a1dc0,0x00000000f8180000)
  to   space 19968K, 0% used [0x00000000fec80000,0x00000000fec80000,0x0000000100000000)
 ParOldGen       total 77824K, used 33621K [0x0000000080000000, 0x0000000084c00000, 0x00000000d5580000)
  object space 77824K, 43% used [0x0000000080000000,0x00000000820d55c8,0x0000000084c00000)
 Metaspace       used 56997K, capacity 59822K, committed 60072K, reserved 1101824K
  class space    used 7570K, capacity 8094K, committed 8112K, reserved 1048576K
GC Heap History (10 events):
Event: 44.851 GC heap after
Heap after GC invocations=12 (full 2):
 PSYoungGen      total 559616K, used 13304K [0x00000000d5580000, 0x00000000fa280000, 0x0000000100000000)
  eden space 546304K, 0% used [0x00000000d5580000,0x00000000d5580000,0x00000000f6b00000)
  from space 13312K, 99% used [0x00000000f9580000,0x00000000fa27e010,0x00000000fa280000)
  to   space 20992K, 0% used [0x00000000f7980000,0x00000000f7980000,0x00000000f8e00000)
 ParOldGen       total 77824K, used 33353K [0x0000000080000000, 0x0000000084c00000, 0x00000000d5580000)
  object space 77824K, 42% used [0x0000000080000000,0x0000000082092620,0x0000000084c00000)
 Metaspace       used 54119K, capacity 56740K, committed 57000K, reserved 1097728K
  class space    used 7306K, capacity 7761K, committed 7856K, reserved 1048576K
}
Event: 583.301 GC heap before
{Heap before GC invocations=13 (full 2):
 PSYoungGen      total 559616K, used 120505K [0x00000000d5580000, 0x00000000fa280000, 0x0000000100000000)
  eden space 546304K, 19% used [0x00000000d5580000,0x00000000dbe307c8,0x00000000f6b00000)
  from space 13312K, 99% used [0x00000000f9580000,0x00000000fa27e010,0x00000000fa280000)
  to   space 20992K, 0% used [0x00000000f7980000,0x00000000f7980000,0x00000000f8e00000)
 ParOldGen       total 77824K, used 33353K [0x0000000080000000, 0x0000000084c00000, 0x00000000d5580000)
  object space 77824K, 42% used [0x0000000080000000,0x0000000082092620,0x0000000084c00000)
 Metaspace       used 56085K, capacity 58772K, committed 59048K, reserved 1099776K
  class space    used 7538K, capacity 8030K, committed 8112K, reserved 1048576K
Event: 583.323 GC heap after
Heap after GC invocations=13 (full 2):
 PSYoungGen      total 548352K, used 1675K [0x00000000d5580000, 0x00000000f9600000, 0x0000000100000000)
  eden space 546304K, 0% used [0x00000000d5580000,0x00000000d5580000,0x00000000f6b00000)
  from space 2048K, 81% used [0x00000000f7980000,0x00000000f7b22c20,0x00000000f7b80000)
  to   space 20992K, 0% used [0x00000000f8180000,0x00000000f8180000,0x00000000f9600000)
 ParOldGen       total 77824K, used 46012K [0x0000000080000000, 0x0000000084c00000, 0x00000000d5580000)
  object space 77824K, 59% used [0x0000000080000000,0x0000000082cef0d8,0x0000000084c00000)
 Metaspace       used 56085K, capacity 58772K, committed 59048K, reserved 1099776K
  class space    used 7538K, capacity 8030K, committed 8112K, reserved 1048576K
}
Event: 583.323 GC heap before
{Heap before GC invocations=14 (full 3):
 PSYoungGen      total 548352K, used 1675K [0x00000000d5580000, 0x00000000f9600000, 0x0000000100000000)
  eden space 546304K, 0% used [0x00000000d5580000,0x00000000d5580000,0x00000000f6b00000)
  from space 2048K, 81% used [0x00000000f7980000,0x00000000f7b22c20,0x00000000f7b80000)
  to   space 20992K, 0% used [0x00000000f8180000,0x00000000f8180000,0x00000000f9600000)
 ParOldGen       total 77824K, used 46012K [0x0000000080000000, 0x0000000084c00000, 0x00000000d5580000)
  object space 77824K, 59% used [0x0000000080000000,0x0000000082cef0d8,0x0000000084c00000)
 Metaspace       used 56085K, capacity 58772K, committed 59048K, reserved 1099776K
  class space    used 7538K, capacity 8030K, committed 8112K, reserved 1048576K
Event: 583.488 GC heap after
Heap after GC invocations=14 (full 3):
 PSYoungGen      total 548352K, used 0K [0x00000000d5580000, 0x00000000f9600000, 0x0000000100000000)
  eden space 546304K, 0% used [0x00000000d5580000,0x00000000d5580000,0x00000000f6b00000)
  from space 2048K, 0% used [0x00000000f7980000,0x00000000f7980000,0x00000000f7b80000)
  to   space 20992K, 0% used [0x00000000f8180000,0x00000000f8180000,0x00000000f9600000)
 ParOldGen       total 77824K, used 32213K [0x0000000080000000, 0x0000000084c00000, 0x00000000d5580000)
  object space 77824K, 41% used [0x0000000080000000,0x0000000081f755c8,0x0000000084c00000)
 Metaspace       used 56085K, capacity 58772K, committed 59048K, reserved 1099776K
  class space    used 7538K, capacity 8030K, committed 8112K, reserved 1048576K
}
Event: 586.859 GC heap before
{Heap before GC invocations=15 (full 3):
 PSYoungGen      total 548352K, used 546304K [0x00000000d5580000, 0x00000000f9600000, 0x0000000100000000)
  eden space 546304K, 100% used [0x00000000d5580000,0x00000000f6b00000,0x00000000f6b00000)
  from space 2048K, 0% used [0x00000000f7980000,0x00000000f7980000,0x00000000f7b80000)
  to   space 20992K, 0% used [0x00000000f8180000,0x00000000f8180000,0x00000000f9600000)
 ParOldGen       total 77824K, used 32213K [0x0000000080000000, 0x0000000084c00000, 0x00000000d5580000)
  object space 77824K, 41% used [0x0000000080000000,0x0000000081f755c8,0x0000000084c00000)
 Metaspace       used 56183K, capacity 58964K, committed 59048K, reserved 1099776K
  class space    used 7545K, capacity 8039K, committed 8112K, reserved 1048576K
Event: 586.864 GC heap after
Heap after GC invocations=15 (full 3):
 PSYoungGen      total 569856K, used 4142K [0x00000000d5580000, 0x0000000100000000, 0x0000000100000000)
  eden space 548864K, 0% used [0x00000000d5580000,0x00000000d5580000,0x00000000f6d80000)
  from space 20992K, 19% used [0x00000000f8180000,0x00000000f858b9c0,0x00000000f9600000)
  to   space 20480K, 0% used [0x00000000f6d80000,0x00000000f6d80000,0x00000000f8180000)
 ParOldGen       total 77824K, used 32221K [0x0000000080000000, 0x0000000084c00000, 0x00000000d5580000)
  object space 77824K, 41% used [0x0000000080000000,0x0000000081f775c8,0x0000000084c00000)
 Metaspace       used 56183K, capacity 58964K, committed 59048K, reserved 1099776K
  class space    used 7545K, capacity 8039K, committed 8112K, reserved 1048576K
}
Event: 686.083 GC heap before
{Heap before GC invocations=16 (full 3):
 PSYoungGen      total 569856K, used 284726K [0x00000000d5580000, 0x0000000100000000, 0x0000000100000000)
  eden space 548864K, 51% used [0x00000000d5580000,0x00000000e67821e8,0x00000000f6d80000)
  from space 20992K, 19% used [0x00000000f8180000,0x00000000f858b9c0,0x00000000f9600000)
  to   space 20480K, 0% used [0x00000000f6d80000,0x00000000f6d80000,0x00000000f8180000)
 ParOldGen       total 77824K, used 32221K [0x0000000080000000, 0x0000000084c00000, 0x00000000d5580000)
  object space 77824K, 41% used [0x0000000080000000,0x0000000081f775c8,0x0000000084c00000)
 Metaspace       used 56997K, capacity 59822K, committed 60072K, reserved 1101824K
  class space    used 7570K, capacity 8094K, committed 8112K, reserved 1048576K
Event: 686.088 GC heap after
Heap after GC invocations=16 (full 3):
 PSYoungGen      total 569344K, used 3207K [0x00000000d5580000, 0x0000000100000000, 0x0000000100000000)
  eden space 548864K, 0% used [0x00000000d5580000,0x00000000d5580000,0x00000000f6d80000)
  from space 20480K, 15% used [0x00000000f6d80000,0x00000000f70a1dc0,0x00000000f8180000)
  to   space 19968K, 0% used [0x00000000fec80000,0x00000000fec80000,0x0000000100000000)
 ParOldGen       total 77824K, used 33621K [0x0000000080000000, 0x0000000084c00000, 0x00000000d5580000)
  object space 77824K, 43% used [0x0000000080000000,0x00000000820d55c8,0x0000000084c00000)
 Metaspace       used 56997K, capacity 59822K, committed 60072K, reserved 1101824K
  class space    used 7570K, capacity 8094K, committed 8112K, reserved 1048576K
}
Event: 686.088 GC heap before
{Heap before GC invocations=17 (full 4):
 PSYoungGen      total 569344K, used 3207K [0x00000000d5580000, 0x0000000100000000, 0x0000000100000000)
  eden space 548864K, 0% used [0x00000000d5580000,0x00000000d5580000,0x00000000f6d80000)
  from space 20480K, 15% used [0x00000000f6d80000,0x00000000f70a1dc0,0x00000000f8180000)
  to   space 19968K, 0% used [0x00000000fec80000,0x00000000fec80000,0x0000000100000000)
 ParOldGen       total 77824K, used 33621K [0x0000000080000000, 0x0000000084c00000, 0x00000000d5580000)
  object space 77824K, 43% used [0x0000000080000000,0x00000000820d55c8,0x0000000084c00000)
 Metaspace       used 56997K, capacity 59822K, committed 60072K, reserved 1101824K
  class space    used 7570K, capacity 8094K, committed 8112K, reserved 1048576K

